# JRE version: Java(TM) SE Runtime Environment (8.0_191-b12) (build 1.8.0_191-b12)
# Java VM: Java HotSpot(TM) 64-Bit Server VM (25.191-b12 mixed mode windows-amd64 compressed oops)
Heap:
 PSYoungGen      total 190464K, used 24342K [0x00000000eb200000, 0x00000000f8a80000, 0x0000000100000000)
  eden space 182784K, 11% used [0x00000000eb200000,0x00000000ec6a36f0,0x00000000f6480000)
  from space 7680K, 41% used [0x00000000f7b80000,0x00000000f7ea21a8,0x00000000f8300000)
  to   space 5632K, 0% used [0x00000000f8500000,0x00000000f8500000,0x00000000f8a80000)
 ParOldGen       total 30720K, used 8608K [0x00000000c1600000, 0x00000000c3400000, 0x00000000eb200000)
  object space 30720K, 28% used [0x00000000c1600000,0x00000000c1e68058,0x00000000c3400000)
 Metaspace       used 25219K, capacity 25540K, committed 25856K, reserved 1071104K
  class space    used 3137K, capacity 3255K, committed 3328K, reserved 1048576K
GC Heap History (10 events):
Event: 9.102 GC heap before
{Heap before GC invocations=8 (full 0):
 PSYoungGen      total 70656K, used 70629K [0x00000000eb200000, 0x00000000f4000000, 0x0000000100000000)
  eden space 65024K, 100% used [0x00000000eb200000,0x00000000ef180000,0x00000000ef180000)
  from space 5632K, 99% used [0x00000000ef180000,0x00000000ef6f9470,0x00000000ef700000)
  to   space 7680K, 0% used [0x00000000f3880000,0x00000000f3880000,0x00000000f4000000)
 ParOldGen       total 44032K, used 8055K [0x00000000c1600000, 0x00000000c4100000, 0x00000000eb200000)
  object space 44032K, 18% used [0x00000000c1600000,0x00000000c1dddde0,0x00000000c4100000)
 Metaspace       used 20499K, capacity 20814K, committed 21120K, reserved 1067008K
  class space    used 2477K, capacity 2567K, committed 2688K, reserved 1048576K
Event: 9.115 GC heap after
Heap after GC invocations=8 (full 0):
 PSYoungGen      total 137728K, used 5592K [0x00000000eb200000, 0x00000000f4000000, 0x0000000100000000)
  eden space 130048K, 0% used [0x00000000eb200000,0x00000000eb200000,0x00000000f3100000)
  from space 7680K, 72% used [0x00000000f3880000,0x00000000f3df6270,0x00000000f4000000)
  to   space 7680K, 0% used [0x00000000f3100000,0x00000000f3100000,0x00000000f3880000)
 ParOldGen       total 44032K, used 8295K [0x00000000c1600000, 0x00000000c4100000, 0x00000000eb200000)
  object space 44032K, 18% used [0x00000000c1600000,0x00000000c1e19de0,0x00000000c4100000)
 Metaspace       used 20499K, capacity 20814K, committed 21120K, reserved 1067008K
  class space    used 2477K, capacity 2567K, committed 2688K, reserved 1048576K
}
Event: 9.327 GC heap before
{Heap before GC invocations=9 (full 0):
 PSYoungGen      total 137728K, used 22766K [0x00000000eb200000, 0x00000000f4000000, 0x0000000100000000)
  eden space 130048K, 13% used [0x00000000eb200000,0x00000000ec2c58d8,0x00000000f3100000)
  from space 7680K, 72% used [0x00000000f3880000,0x00000000f3df6270,0x00000000f4000000)
  to   space 7680K, 0% used [0x00000000f3100000,0x00000000f3100000,0x00000000f3880000)
 ParOldGen       total 44032K, used 8295K [0x00000000c1600000, 0x00000000c4100000, 0x00000000eb200000)
  object space 44032K, 18% used [0x00000000c1600000,0x00000000c1e19de0,0x00000000c4100000)
 Metaspace       used 20882K, capacity 21140K, committed 21296K, reserved 1069056K
  class space    used 2549K, capacity 2632K, committed 2688K, reserved 1048576K
Event: 9.334 GC heap after
Heap after GC invocations=9 (full 0):
 PSYoungGen      total 137728K, used 3711K [0x00000000eb200000, 0x00000000f8c80000, 0x0000000100000000)
  eden space 130048K, 0% used [0x00000000eb200000,0x00000000eb200000,0x00000000f3100000)
  from space 7680K, 48% used [0x00000000f3100000,0x00000000f349fe98,0x00000000f3880000)
  to   space 7680K, 0% used [0x00000000f8500000,0x00000000f8500000,0x00000000f8c80000)
 ParOldGen       total 44032K, used 8958K [0x00000000c1600000, 0x00000000c4100000, 0x00000000eb200000)
  object space 44032K, 20% used [0x00000000c1600000,0x00000000c1ebfa40,0x00000000c4100000)
 Metaspace       used 20882K, capacity 21140K, committed 21296K, reserved 1069056K
  class space    used 2549K, capacity 2632K, committed 2688K, reserved 1048576K
}
Event: 9.334 GC heap before
{Heap before GC invocations=10 (full 1):
 PSYoungGen      total 137728K, used 3711K [0x00000000eb200000, 0x00000000f8c80000, 0x0000000100000000)
  eden space 130048K, 0% used [0x00000000eb200000,0x00000000eb200000,0x00000000f3100000)
  from space 7680K, 48% used [0x00000000f3100000,0x00000000f349fe98,0x00000000f3880000)
  to   space 7680K, 0% used [0x00000000f8500000,0x00000000f8500000,0x00000000f8c80000)
 ParOldGen       total 44032K, used 8958K [0x00000000c1600000, 0x00000000c4100000, 0x00000000eb200000)
  object space 44032K, 20% used [0x00000000c1600000,0x00000000c1ebfa40,0x00000000c4100000)
 Metaspace       used 20882K, capacity 21140K, committed 21296K, reserved 1069056K
  class space    used 2549K, capacity 2632K, committed 2688K, reserved 1048576K
Event: 9.397 GC heap after
Heap after GC invocations=10 (full 1):
 PSYoungGen      total 137728K, used 0K [0x00000000eb200000, 0x00000000f8c80000, 0x0000000100000000)
  eden space 130048K, 0% used [0x00000000eb200000,0x00000000eb200000,0x00000000f3100000)
  from space 7680K, 0% used [0x00000000f3100000,0x00000000f3100000,0x00000000f3880000)
  to   space 7680K, 0% used [0x00000000f8500000,0x00000000f8500000,0x00000000f8c80000)
 ParOldGen       total 30720K, used 6460K [0x00000000c1600000, 0x00000000c3400000, 0x00000000eb200000)
  object space 30720K, 21% used [0x00000000c1600000,0x00000000c1c4f028,0x00000000c3400000)
 Metaspace       used 20882K, capacity 21140K, committed 21296K, reserved 1069056K
  class space    used 2549K, capacity 2632K, committed 2688K, reserved 1048576K
}
Event: 15.764 GC heap before
{Heap before GC invocations=11 (full 1):
 PSYoungGen      total 137728K, used 130048K [0x00000000eb200000, 0x00000000f8c80000, 0x0000000100000000)
  eden space 130048K, 100% used [0x00000000eb200000,0x00000000f3100000,0x00000000f3100000)
  from space 7680K, 0% used [0x00000000f3100000,0x00000000f3100000,0x00000000f3880000)
  to   space 7680K, 0% used [0x00000000f8500000,0x00000000f8500000,0x00000000f8c80000)
 ParOldGen       total 30720K, used 6460K [0x00000000c1600000, 0x00000000c3400000, 0x00000000eb200000)
  object space 30720K, 21% used [0x00000000c1600000,0x00000000c1c4f028,0x00000000c3400000)
 Metaspace       used 24347K, capacity 24654K, committed 24960K, reserved 1071104K
  class space    used 3026K, capacity 3117K, committed 3200K, reserved 1048576K
Event: 15.777 GC heap after
Heap after GC invocations=11 (full 1):
 PSYoungGen      total 188416K, used 5355K [0x00000000eb200000, 0x00000000f8a80000, 0x0000000100000000)
  eden space 182784K, 0% used [0x00000000eb200000,0x00000000eb200000,0x00000000f6480000)
  from space 5632K, 95% used [0x00000000f8500000,0x00000000f8a3ae90,0x00000000f8a80000)
  to   space 7680K, 0% used [0x00000000f7b80000,0x00000000f7b80000,0x00000000f8300000)
 ParOldGen       total 30720K, used 6468K [0x00000000c1600000, 0x00000000c3400000, 0x00000000eb200000)
  object space 30720K, 21% used [0x00000000c1600000,0x00000000c1c51028,0x00000000c3400000)
 Metaspace       used 24347K, capacity 24654K, committed 24960K, reserved 1071104K
  class space    used 3026K, capacity 3117K, committed 3200K, reserved 1048576K
}
Event: 19.851 GC heap before
{Heap before GC invocations=12 (full 1):
 PSYoungGen      total 188416K, used 188139K [0x00000000eb200000, 0x00000000f8a80000, 0x0000000100000000)
  eden space 182784K, 100% used [0x00000000eb200000,0x00000000f6480000,0x00000000f6480000)
  from space 5632K, 95% used [0x00000000f8500000,0x00000000f8a3ae90,0x00000000f8a80000)
  to   space 7680K, 0% used [0x00000000f7b80000,0x00000000f7b80000,0x00000000f8300000)
 ParOldGen       total 30720K, used 6468K [0x00000000c1600000, 0x00000000c3400000, 0x00000000eb200000)
  object space 30720K, 21% used [0x00000000c1600000,0x00000000c1c51028,0x00000000c3400000)
 Metaspace       used 25194K, capacity 25508K, committed 25856K, reserved 1071104K
  class space    used 3131K, capacity 3223K, committed 3328K, reserved 1048576K
Event: 19.865 GC heap after
Heap after GC invocations=12 (full 1):
 PSYoungGen      total 190464K, used 3208K [0x00000000eb200000, 0x00000000f8a80000, 0x0000000100000000)
  eden space 182784K, 0% used [0x00000000eb200000,0x00000000eb200000,0x00000000f6480000)
  from space 7680K, 41% used [0x00000000f7b80000,0x00000000f7ea21a8,0x00000000f8300000)
  to   space 5632K, 0% used [0x00000000f8500000,0x00000000f8500000,0x00000000f8a80000)
 ParOldGen       total 30720K, used 8608K [0x00000000c1600000, 0x00000000c3400000, 0x00000000eb200000)
  object space 30720K, 28% used [0x00000000c1600000,0x00000000c1e68058,0x00000000c3400000)
 Metaspace       used 25194K, capacity 25508K, committed 25856K, reserved 1071104K
  class space    used 3131K, capacity 3223K, committed 3328K, reserved 1048576K
}

