# JRE version: Java(TM) SE Runtime Environment (8.0_191-b12) (build 1.8.0_191-b12)
# Java VM: Java HotSpot(TM) 64-Bit Server VM (25.191-b12 mixed mode windows-amd64 compressed oops)
Heap:
 PSYoungGen      total 195584K, used 25280K [0x00000000eb200000, 0x00000000f8a80000, 0x0000000100000000)
  eden space 187904K, 13% used [0x00000000eb200000,0x00000000ecab02d0,0x00000000f6980000)
  from space 7680K, 0% used [0x00000000f7b80000,0x00000000f7b80000,0x00000000f8300000)
  to   space 5632K, 0% used [0x00000000f8500000,0x00000000f8500000,0x00000000f8a80000)
 ParOldGen       total 57344K, used 21305K [0x00000000c1600000, 0x00000000c4e00000, 0x00000000eb200000)
  object space 57344K, 37% used [0x00000000c1600000,0x00000000c2ace6b8,0x00000000c4e00000)
 Metaspace       used 35905K, capacity 36346K, committed 36736K, reserved 1081344K
  class space    used 4515K, capacity 4635K, committed 4736K, reserved 1048576K
GC Heap History (10 events):
Event: 15.939 GC heap before
{Heap before GC invocations=11 (full 1):
 PSYoungGen      total 137728K, used 130048K [0x00000000eb200000, 0x00000000f8c80000, 0x0000000100000000)
  eden space 130048K, 100% used [0x00000000eb200000,0x00000000f3100000,0x00000000f3100000)
  from space 7680K, 0% used [0x00000000f3100000,0x00000000f3100000,0x00000000f3880000)
  to   space 7680K, 0% used [0x00000000f8500000,0x00000000f8500000,0x00000000f8c80000)
 ParOldGen       total 29696K, used 6443K [0x00000000c1600000, 0x00000000c3300000, 0x00000000eb200000)
  object space 29696K, 21% used [0x00000000c1600000,0x00000000c1c4acc8,0x00000000c3300000)
 Metaspace       used 24372K, capacity 24622K, committed 24960K, reserved 1071104K
  class space    used 3021K, capacity 3085K, committed 3200K, reserved 1048576K
Event: 15.985 GC heap after
Heap after GC invocations=11 (full 1):
 PSYoungGen      total 193536K, used 5342K [0x00000000eb200000, 0x00000000f8a80000, 0x0000000100000000)
  eden space 187904K, 0% used [0x00000000eb200000,0x00000000eb200000,0x00000000f6980000)
  from space 5632K, 94% used [0x00000000f8500000,0x00000000f8a37870,0x00000000f8a80000)
  to   space 7680K, 0% used [0x00000000f7b80000,0x00000000f7b80000,0x00000000f8300000)
 ParOldGen       total 29696K, used 6451K [0x00000000c1600000, 0x00000000c3300000, 0x00000000eb200000)
  object space 29696K, 21% used [0x00000000c1600000,0x00000000c1c4ccc8,0x00000000c3300000)
 Metaspace       used 24372K, capacity 24622K, committed 24960K, reserved 1071104K
  class space    used 3021K, capacity 3085K, committed 3200K, reserved 1048576K
}
Event: 22.718 GC heap before
{Heap before GC invocations=12 (full 1):
 PSYoungGen      total 193536K, used 193246K [0x00000000eb200000, 0x00000000f8a80000, 0x0000000100000000)
  eden space 187904K, 100% used [0x00000000eb200000,0x00000000f6980000,0x00000000f6980000)
  from space 5632K, 94% used [0x00000000f8500000,0x00000000f8a37870,0x00000000f8a80000)
  to   space 7680K, 0% used [0x00000000f7b80000,0x00000000f7b80000,0x00000000f8300000)
 ParOldGen       total 29696K, used 6451K [0x00000000c1600000, 0x00000000c3300000, 0x00000000eb200000)
  object space 29696K, 21% used [0x00000000c1600000,0x00000000c1c4ccc8,0x00000000c3300000)
 Metaspace       used 25220K, capacity 25508K, committed 25856K, reserved 1071104K
  class space    used 3127K, capacity 3223K, committed 3328K, reserved 1048576K
Event: 22.740 GC heap after
Heap after GC invocations=12 (full 1):
 PSYoungGen      total 195584K, used 3294K [0x00000000eb200000, 0x00000000f8a80000, 0x0000000100000000)
  eden space 187904K, 0% used [0x00000000eb200000,0x00000000eb200000,0x00000000f6980000)
  from space 7680K, 42% used [0x00000000f7b80000,0x00000000f7eb78b8,0x00000000f8300000)
  to   space 5632K, 0% used [0x00000000f8500000,0x00000000f8500000,0x00000000f8a80000)
 ParOldGen       total 29696K, used 8584K [0x00000000c1600000, 0x00000000c3300000, 0x00000000eb200000)
  object space 29696K, 28% used [0x00000000c1600000,0x00000000c1e62090,0x00000000c3300000)
 Metaspace       used 25220K, capacity 25508K, committed 25856K, reserved 1071104K
  class space    used 3127K, capacity 3223K, committed 3328K, reserved 1048576K
}
Event: 28.548 GC heap before
{Heap before GC invocations=13 (full 1):
 PSYoungGen      total 195584K, used 191198K [0x00000000eb200000, 0x00000000f8a80000, 0x0000000100000000)
  eden space 187904K, 100% used [0x00000000eb200000,0x00000000f6980000,0x00000000f6980000)
  from space 7680K, 42% used [0x00000000f7b80000,0x00000000f7eb78b8,0x00000000f8300000)
  to   space 5632K, 0% used [0x00000000f8500000,0x00000000f8500000,0x00000000f8a80000)
 ParOldGen       total 29696K, used 8584K [0x00000000c1600000, 0x00000000c3300000, 0x00000000eb200000)
  object space 29696K, 28% used [0x00000000c1600000,0x00000000c1e62090,0x00000000c3300000)
 Metaspace       used 28800K, capacity 29226K, committed 29568K, reserved 1075200K
  class space    used 3602K, capacity 3683K, committed 3712K, reserved 1048576K
Event: 28.564 GC heap after
Heap after GC invocations=13 (full 1):
 PSYoungGen      total 193536K, used 5610K [0x00000000eb200000, 0x00000000f8a80000, 0x0000000100000000)
  eden space 187904K, 0% used [0x00000000eb200000,0x00000000eb200000,0x00000000f6980000)
  from space 5632K, 99% used [0x00000000f8500000,0x00000000f8a7aa48,0x00000000f8a80000)
  to   space 7680K, 0% used [0x00000000f7b80000,0x00000000f7b80000,0x00000000f8300000)
 ParOldGen       total 29696K, used 10716K [0x00000000c1600000, 0x00000000c3300000, 0x00000000eb200000)
  object space 29696K, 36% used [0x00000000c1600000,0x00000000c20770b8,0x00000000c3300000)
 Metaspace       used 28800K, capacity 29226K, committed 29568K, reserved 1075200K
  class space    used 3602K, capacity 3683K, committed 3712K, reserved 1048576K
}
Event: 32.976 GC heap before
{Heap before GC invocations=14 (full 1):
 PSYoungGen      total 193536K, used 128039K [0x00000000eb200000, 0x00000000f8a80000, 0x0000000100000000)
  eden space 187904K, 65% used [0x00000000eb200000,0x00000000f298f2e8,0x00000000f6980000)
  from space 5632K, 99% used [0x00000000f8500000,0x00000000f8a7aa48,0x00000000f8a80000)
  to   space 7680K, 0% used [0x00000000f7b80000,0x00000000f7b80000,0x00000000f8300000)
 ParOldGen       total 29696K, used 10716K [0x00000000c1600000, 0x00000000c3300000, 0x00000000eb200000)
  object space 29696K, 36% used [0x00000000c1600000,0x00000000c20770b8,0x00000000c3300000)
 Metaspace       used 34727K, capacity 35160K, committed 35456K, reserved 1081344K
  class space    used 4316K, capacity 4434K, committed 4480K, reserved 1048576K
Event: 33.011 GC heap after
Heap after GC invocations=14 (full 1):
 PSYoungGen      total 195584K, used 7661K [0x00000000eb200000, 0x00000000f8a80000, 0x0000000100000000)
  eden space 187904K, 0% used [0x00000000eb200000,0x00000000eb200000,0x00000000f6980000)
  from space 7680K, 99% used [0x00000000f7b80000,0x00000000f82fb478,0x00000000f8300000)
  to   space 5632K, 0% used [0x00000000f8500000,0x00000000f8500000,0x00000000f8a80000)
 ParOldGen       total 29696K, used 15693K [0x00000000c1600000, 0x00000000c3300000, 0x00000000eb200000)
  object space 29696K, 52% used [0x00000000c1600000,0x00000000c2553730,0x00000000c3300000)
 Metaspace       used 34727K, capacity 35160K, committed 35456K, reserved 1081344K
  class space    used 4316K, capacity 4434K, committed 4480K, reserved 1048576K
}
Event: 33.011 GC heap before
{Heap before GC invocations=15 (full 2):
 PSYoungGen      total 195584K, used 7661K [0x00000000eb200000, 0x00000000f8a80000, 0x0000000100000000)
  eden space 187904K, 0% used [0x00000000eb200000,0x00000000eb200000,0x00000000f6980000)
  from space 7680K, 99% used [0x00000000f7b80000,0x00000000f82fb478,0x00000000f8300000)
  to   space 5632K, 0% used [0x00000000f8500000,0x00000000f8500000,0x00000000f8a80000)
 ParOldGen       total 29696K, used 15693K [0x00000000c1600000, 0x00000000c3300000, 0x00000000eb200000)
  object space 29696K, 52% used [0x00000000c1600000,0x00000000c2553730,0x00000000c3300000)
 Metaspace       used 34727K, capacity 35160K, committed 35456K, reserved 1081344K
  class space    used 4316K, capacity 4434K, committed 4480K, reserved 1048576K
Event: 33.413 GC heap after
Heap after GC invocations=15 (full 2):
 PSYoungGen      total 195584K, used 0K [0x00000000eb200000, 0x00000000f8a80000, 0x0000000100000000)
  eden space 187904K, 0% used [0x00000000eb200000,0x00000000eb200000,0x00000000f6980000)
  from space 7680K, 0% used [0x00000000f7b80000,0x00000000f7b80000,0x00000000f8300000)
  to   space 5632K, 0% used [0x00000000f8500000,0x00000000f8500000,0x00000000f8a80000)
 ParOldGen       total 57344K, used 21305K [0x00000000c1600000, 0x00000000c4e00000, 0x00000000eb200000)
  object space 57344K, 37% used [0x00000000c1600000,0x00000000c2ace6b8,0x00000000c4e00000)
 Metaspace       used 34727K, capacity 35160K, committed 35456K, reserved 1081344K
  class space    used 4316K, capacity 4434K, committed 4480K, reserved 1048576K
}

