# JRE version: Java(TM) SE Runtime Environment (8.0_191-b12) (build 1.8.0_191-b12)
# Java VM: Java HotSpot(TM) 64-Bit Server VM (25.191-b12 mixed mode windows-amd64 compressed oops)
Heap:
 PSYoungGen      total 138240K, used 95740K [0x00000000eb200000, 0x00000000f4100000, 0x0000000100000000)
  eden space 130048K, 67% used [0x00000000eb200000,0x00000000f07817e8,0x00000000f3100000)
  from space 8192K, 99% used [0x00000000f3100000,0x00000000f38fdb78,0x00000000f3900000)
  to   space 7680K, 0% used [0x00000000f3980000,0x00000000f3980000,0x00000000f4100000)
 ParOldGen       total 32256K, used 18476K [0x00000000c1600000, 0x00000000c3580000, 0x00000000eb200000)
  object space 32256K, 57% used [0x00000000c1600000,0x00000000c280b2a8,0x00000000c3580000)
 Metaspace       used 33295K, capacity 33686K, committed 33920K, reserved 1079296K
  class space    used 4084K, capacity 4200K, committed 4224K, reserved 1048576K
GC Heap History (10 events):
Event: 10.043 GC heap before
{Heap before GC invocations=8 (full 0):
 PSYoungGen      total 71680K, used 11744K [0x00000000eb200000, 0x00000000f4200000, 0x0000000100000000)
  eden space 65024K, 7% used [0x00000000eb200000,0x00000000eb6fa780,0x00000000ef180000)
  from space 6656K, 99% used [0x00000000ef180000,0x00000000ef7fdb08,0x00000000ef800000)
  to   space 8704K, 0% used [0x00000000f3980000,0x00000000f3980000,0x00000000f4200000)
 ParOldGen       total 44032K, used 9526K [0x00000000c1600000, 0x00000000c4100000, 0x00000000eb200000)
  object space 44032K, 21% used [0x00000000c1600000,0x00000000c1f4da50,0x00000000c4100000)
 Metaspace       used 20889K, capacity 21134K, committed 21296K, reserved 1069056K
  class space    used 2536K, capacity 2631K, committed 2688K, reserved 1048576K
Event: 10.100 GC heap after
Heap after GC invocations=8 (full 0):
 PSYoungGen      total 137728K, used 3904K [0x00000000eb200000, 0x00000000f4100000, 0x0000000100000000)
  eden space 130048K, 0% used [0x00000000eb200000,0x00000000eb200000,0x00000000f3100000)
  from space 7680K, 50% used [0x00000000f3980000,0x00000000f3d50000,0x00000000f4100000)
  to   space 8192K, 0% used [0x00000000f3100000,0x00000000f3100000,0x00000000f3900000)
 ParOldGen       total 44032K, used 10786K [0x00000000c1600000, 0x00000000c4100000, 0x00000000eb200000)
  object space 44032K, 24% used [0x00000000c1600000,0x00000000c20889d0,0x00000000c4100000)
 Metaspace       used 20889K, capacity 21134K, committed 21296K, reserved 1069056K
  class space    used 2536K, capacity 2631K, committed 2688K, reserved 1048576K
}
Event: 10.100 GC heap before
{Heap before GC invocations=9 (full 1):
 PSYoungGen      total 137728K, used 3904K [0x00000000eb200000, 0x00000000f4100000, 0x0000000100000000)
  eden space 130048K, 0% used [0x00000000eb200000,0x00000000eb200000,0x00000000f3100000)
  from space 7680K, 50% used [0x00000000f3980000,0x00000000f3d50000,0x00000000f4100000)
  to   space 8192K, 0% used [0x00000000f3100000,0x00000000f3100000,0x00000000f3900000)
 ParOldGen       total 44032K, used 10786K [0x00000000c1600000, 0x00000000c4100000, 0x00000000eb200000)
  object space 44032K, 24% used [0x00000000c1600000,0x00000000c20889d0,0x00000000c4100000)
 Metaspace       used 20889K, capacity 21134K, committed 21296K, reserved 1069056K
  class space    used 2536K, capacity 2631K, committed 2688K, reserved 1048576K
Event: 10.232 GC heap after
Heap after GC invocations=9 (full 1):
 PSYoungGen      total 137728K, used 0K [0x00000000eb200000, 0x00000000f4100000, 0x0000000100000000)
  eden space 130048K, 0% used [0x00000000eb200000,0x00000000eb200000,0x00000000f3100000)
  from space 7680K, 0% used [0x00000000f3980000,0x00000000f3980000,0x00000000f4100000)
  to   space 8192K, 0% used [0x00000000f3100000,0x00000000f3100000,0x00000000f3900000)
 ParOldGen       total 32256K, used 9981K [0x00000000c1600000, 0x00000000c3580000, 0x00000000eb200000)
  object space 32256K, 30% used [0x00000000c1600000,0x00000000c1fbf738,0x00000000c3580000)
 Metaspace       used 20889K, capacity 21134K, committed 21296K, reserved 1069056K
  class space    used 2536K, capacity 2631K, committed 2688K, reserved 1048576K
}
Event: 15.481 GC heap before
{Heap before GC invocations=10 (full 1):
 PSYoungGen      total 137728K, used 130048K [0x00000000eb200000, 0x00000000f4100000, 0x0000000100000000)
  eden space 130048K, 100% used [0x00000000eb200000,0x00000000f3100000,0x00000000f3100000)
  from space 7680K, 0% used [0x00000000f3980000,0x00000000f3980000,0x00000000f4100000)
  to   space 8192K, 0% used [0x00000000f3100000,0x00000000f3100000,0x00000000f3900000)
 ParOldGen       total 32256K, used 9981K [0x00000000c1600000, 0x00000000c3580000, 0x00000000eb200000)
  object space 32256K, 30% used [0x00000000c1600000,0x00000000c1fbf738,0x00000000c3580000)
 Metaspace       used 23703K, capacity 24018K, committed 24320K, reserved 1071104K
  class space    used 2909K, capacity 2989K, committed 3072K, reserved 1048576K
Event: 15.500 GC heap after
Heap after GC invocations=10 (full 1):
 PSYoungGen      total 138240K, used 5783K [0x00000000eb200000, 0x00000000f4100000, 0x0000000100000000)
  eden space 130048K, 0% used [0x00000000eb200000,0x00000000eb200000,0x00000000f3100000)
  from space 8192K, 70% used [0x00000000f3100000,0x00000000f36a5e70,0x00000000f3900000)
  to   space 7680K, 0% used [0x00000000f3980000,0x00000000f3980000,0x00000000f4100000)
 ParOldGen       total 32256K, used 9989K [0x00000000c1600000, 0x00000000c3580000, 0x00000000eb200000)
  object space 32256K, 30% used [0x00000000c1600000,0x00000000c1fc1738,0x00000000c3580000)
 Metaspace       used 23703K, capacity 24018K, committed 24320K, reserved 1071104K
  class space    used 2909K, capacity 2989K, committed 3072K, reserved 1048576K
}
Event: 18.988 GC heap before
{Heap before GC invocations=11 (full 1):
 PSYoungGen      total 138240K, used 135831K [0x00000000eb200000, 0x00000000f4100000, 0x0000000100000000)
  eden space 130048K, 100% used [0x00000000eb200000,0x00000000f3100000,0x00000000f3100000)
  from space 8192K, 70% used [0x00000000f3100000,0x00000000f36a5e70,0x00000000f3900000)
  to   space 7680K, 0% used [0x00000000f3980000,0x00000000f3980000,0x00000000f4100000)
 ParOldGen       total 32256K, used 9989K [0x00000000c1600000, 0x00000000c3580000, 0x00000000eb200000)
  object space 32256K, 30% used [0x00000000c1600000,0x00000000c1fc1738,0x00000000c3580000)
 Metaspace       used 25542K, capacity 25852K, committed 26112K, reserved 1073152K
  class space    used 3166K, capacity 3252K, committed 3328K, reserved 1048576K
Event: 19.000 GC heap after
Heap after GC invocations=11 (full 1):
 PSYoungGen      total 137728K, used 6706K [0x00000000eb200000, 0x00000000f4100000, 0x0000000100000000)
  eden space 130048K, 0% used [0x00000000eb200000,0x00000000eb200000,0x00000000f3100000)
  from space 7680K, 87% used [0x00000000f3980000,0x00000000f400c8b0,0x00000000f4100000)
  to   space 8192K, 0% used [0x00000000f3100000,0x00000000f3100000,0x00000000f3900000)
 ParOldGen       total 32256K, used 9989K [0x00000000c1600000, 0x00000000c3580000, 0x00000000eb200000)
  object space 32256K, 30% used [0x00000000c1600000,0x00000000c1fc1738,0x00000000c3580000)
 Metaspace       used 25542K, capacity 25852K, committed 26112K, reserved 1073152K
  class space    used 3166K, capacity 3252K, committed 3328K, reserved 1048576K
}
Event: 22.904 GC heap before
{Heap before GC invocations=12 (full 1):
 PSYoungGen      total 137728K, used 136754K [0x00000000eb200000, 0x00000000f4100000, 0x0000000100000000)
  eden space 130048K, 100% used [0x00000000eb200000,0x00000000f3100000,0x00000000f3100000)
  from space 7680K, 87% used [0x00000000f3980000,0x00000000f400c8b0,0x00000000f4100000)
  to   space 8192K, 0% used [0x00000000f3100000,0x00000000f3100000,0x00000000f3900000)
 ParOldGen       total 32256K, used 9989K [0x00000000c1600000, 0x00000000c3580000, 0x00000000eb200000)
  object space 32256K, 30% used [0x00000000c1600000,0x00000000c1fc1738,0x00000000c3580000)
 Metaspace       used 31620K, capacity 32010K, committed 32128K, reserved 1077248K
  class space    used 3880K, capacity 3967K, committed 3968K, reserved 1048576K
Event: 22.929 GC heap after
Heap after GC invocations=12 (full 1):
 PSYoungGen      total 138240K, used 8182K [0x00000000eb200000, 0x00000000f4100000, 0x0000000100000000)
  eden space 130048K, 0% used [0x00000000eb200000,0x00000000eb200000,0x00000000f3100000)
  from space 8192K, 99% used [0x00000000f3100000,0x00000000f38fdb78,0x00000000f3900000)
  to   space 7680K, 0% used [0x00000000f3980000,0x00000000f3980000,0x00000000f4100000)
 ParOldGen       total 32256K, used 18476K [0x00000000c1600000, 0x00000000c3580000, 0x00000000eb200000)
  object space 32256K, 57% used [0x00000000c1600000,0x00000000c280b2a8,0x00000000c3580000)
 Metaspace       used 31620K, capacity 32010K, committed 32128K, reserved 1077248K
  class space    used 3880K, capacity 3967K, committed 3968K, reserved 1048576K
}

