# JRE version: Java(TM) SE Runtime Environment (8.0_191-b12) (build 1.8.0_191-b12)
# Java VM: Java HotSpot(TM) 64-Bit Server VM (25.191-b12 mixed mode windows-amd64 compressed oops)
Heap:
 PSYoungGen      total 137728K, used 49920K [0x00000000eb200000, 0x00000000f4000000, 0x0000000100000000)
  eden space 130048K, 38% used [0x00000000eb200000,0x00000000ee2c0180,0x00000000f3100000)
  from space 7680K, 0% used [0x00000000f3100000,0x00000000f3100000,0x00000000f3880000)
  to   space 7680K, 0% used [0x00000000f3880000,0x00000000f3880000,0x00000000f4000000)
 ParOldGen       total 27136K, used 6040K [0x00000000c1600000, 0x00000000c3080000, 0x00000000eb200000)
  object space 27136K, 22% used [0x00000000c1600000,0x00000000c1be63c8,0x00000000c3080000)
 Metaspace       used 22358K, capacity 22644K, committed 22832K, reserved 1069056K
  class space    used 2752K, capacity 2856K, committed 2944K, reserved 1048576K
GC Heap History (10 events):
Event: 7.871 GC heap before
{Heap before GC invocations=6 (full 0):
 PSYoungGen      total 35328K, used 35286K [0x00000000eb200000, 0x00000000efd00000, 0x0000000100000000)
  eden space 32768K, 99% used [0x00000000eb200000,0x00000000ed1f7950,0x00000000ed200000)
  from space 2560K, 99% used [0x00000000ed200000,0x00000000ed47df58,0x00000000ed480000)
  to   space 5632K, 0% used [0x00000000ef780000,0x00000000ef780000,0x00000000efd00000)
 ParOldGen       total 44032K, used 6174K [0x00000000c1600000, 0x00000000c4100000, 0x00000000eb200000)
  object space 44032K, 14% used [0x00000000c1600000,0x00000000c1c078e0,0x00000000c4100000)
 Metaspace       used 11539K, capacity 11726K, committed 12032K, reserved 1060864K
  class space    used 1396K, capacity 1434K, committed 1536K, reserved 1048576K
Event: 7.885 GC heap after
Heap after GC invocations=6 (full 0):
 PSYoungGen      total 70656K, used 5263K [0x00000000eb200000, 0x00000000efe00000, 0x0000000100000000)
  eden space 65024K, 0% used [0x00000000eb200000,0x00000000eb200000,0x00000000ef180000)
  from space 5632K, 93% used [0x00000000ef780000,0x00000000efca3fc0,0x00000000efd00000)
  to   space 6144K, 0% used [0x00000000ef180000,0x00000000ef180000,0x00000000ef780000)
 ParOldGen       total 44032K, used 6182K [0x00000000c1600000, 0x00000000c4100000, 0x00000000eb200000)
  object space 44032K, 14% used [0x00000000c1600000,0x00000000c1c098e0,0x00000000c4100000)
 Metaspace       used 11539K, capacity 11726K, committed 12032K, reserved 1060864K
  class space    used 1396K, capacity 1434K, committed 1536K, reserved 1048576K
}
Event: 9.038 GC heap before
{Heap before GC invocations=7 (full 0):
 PSYoungGen      total 70656K, used 70287K [0x00000000eb200000, 0x00000000efe00000, 0x0000000100000000)
  eden space 65024K, 100% used [0x00000000eb200000,0x00000000ef180000,0x00000000ef180000)
  from space 5632K, 93% used [0x00000000ef780000,0x00000000efca3fc0,0x00000000efd00000)
  to   space 6144K, 0% used [0x00000000ef180000,0x00000000ef180000,0x00000000ef780000)
 ParOldGen       total 44032K, used 6182K [0x00000000c1600000, 0x00000000c4100000, 0x00000000eb200000)
  object space 44032K, 14% used [0x00000000c1600000,0x00000000c1c098e0,0x00000000c4100000)
 Metaspace       used 17201K, capacity 17400K, committed 17536K, reserved 1064960K
  class space    used 2087K, capacity 2129K, committed 2176K, reserved 1048576K
Event: 9.052 GC heap after
Heap after GC invocations=7 (full 0):
 PSYoungGen      total 71168K, used 6121K [0x00000000eb200000, 0x00000000f4000000, 0x0000000100000000)
  eden space 65024K, 0% used [0x00000000eb200000,0x00000000eb200000,0x00000000ef180000)
  from space 6144K, 99% used [0x00000000ef180000,0x00000000ef77a420,0x00000000ef780000)
  to   space 7680K, 0% used [0x00000000f3880000,0x00000000f3880000,0x00000000f4000000)
 ParOldGen       total 44032K, used 8054K [0x00000000c1600000, 0x00000000c4100000, 0x00000000eb200000)
  object space 44032K, 18% used [0x00000000c1600000,0x00000000c1ddda18,0x00000000c4100000)
 Metaspace       used 17201K, capacity 17400K, committed 17536K, reserved 1064960K
  class space    used 2087K, capacity 2129K, committed 2176K, reserved 1048576K
}
Event: 10.192 GC heap before
{Heap before GC invocations=8 (full 0):
 PSYoungGen      total 71168K, used 71145K [0x00000000eb200000, 0x00000000f4000000, 0x0000000100000000)
  eden space 65024K, 100% used [0x00000000eb200000,0x00000000ef180000,0x00000000ef180000)
  from space 6144K, 99% used [0x00000000ef180000,0x00000000ef77a420,0x00000000ef780000)
  to   space 7680K, 0% used [0x00000000f3880000,0x00000000f3880000,0x00000000f4000000)
 ParOldGen       total 44032K, used 8054K [0x00000000c1600000, 0x00000000c4100000, 0x00000000eb200000)
  object space 44032K, 18% used [0x00000000c1600000,0x00000000c1ddda18,0x00000000c4100000)
 Metaspace       used 20851K, capacity 21140K, committed 21296K, reserved 1069056K
  class space    used 2541K, capacity 2632K, committed 2688K, reserved 1048576K
Event: 10.217 GC heap after
Heap after GC invocations=8 (full 0):
 PSYoungGen      total 137728K, used 5624K [0x00000000eb200000, 0x00000000f4000000, 0x0000000100000000)
  eden space 130048K, 0% used [0x00000000eb200000,0x00000000eb200000,0x00000000f3100000)
  from space 7680K, 73% used [0x00000000f3880000,0x00000000f3dfe228,0x00000000f4000000)
  to   space 7680K, 0% used [0x00000000f3100000,0x00000000f3100000,0x00000000f3880000)
 ParOldGen       total 44032K, used 8482K [0x00000000c1600000, 0x00000000c4100000, 0x00000000eb200000)
  object space 44032K, 19% used [0x00000000c1600000,0x00000000c1e48998,0x00000000c4100000)
 Metaspace       used 20851K, capacity 21140K, committed 21296K, reserved 1069056K
  class space    used 2541K, capacity 2632K, committed 2688K, reserved 1048576K
}
Event: 10.235 GC heap before
{Heap before GC invocations=9 (full 0):
 PSYoungGen      total 137728K, used 7889K [0x00000000eb200000, 0x00000000f4000000, 0x0000000100000000)
  eden space 130048K, 1% used [0x00000000eb200000,0x00000000eb4364c8,0x00000000f3100000)
  from space 7680K, 73% used [0x00000000f3880000,0x00000000f3dfe228,0x00000000f4000000)
  to   space 7680K, 0% used [0x00000000f3100000,0x00000000f3100000,0x00000000f3880000)
 ParOldGen       total 44032K, used 8482K [0x00000000c1600000, 0x00000000c4100000, 0x00000000eb200000)
  object space 44032K, 19% used [0x00000000c1600000,0x00000000c1e48998,0x00000000c4100000)
 Metaspace       used 20880K, capacity 21140K, committed 21296K, reserved 1069056K
  class space    used 2546K, capacity 2632K, committed 2688K, reserved 1048576K
Event: 10.241 GC heap after
Heap after GC invocations=9 (full 0):
 PSYoungGen      total 137728K, used 3184K [0x00000000eb200000, 0x00000000f4000000, 0x0000000100000000)
  eden space 130048K, 0% used [0x00000000eb200000,0x00000000eb200000,0x00000000f3100000)
  from space 7680K, 41% used [0x00000000f3100000,0x00000000f341c010,0x00000000f3880000)
  to   space 7680K, 0% used [0x00000000f3880000,0x00000000f3880000,0x00000000f4000000)
 ParOldGen       total 44032K, used 9196K [0x00000000c1600000, 0x00000000c4100000, 0x00000000eb200000)
  object space 44032K, 20% used [0x00000000c1600000,0x00000000c1efb248,0x00000000c4100000)
 Metaspace       used 20880K, capacity 21140K, committed 21296K, reserved 1069056K
  class space    used 2546K, capacity 2632K, committed 2688K, reserved 1048576K
}
Event: 10.241 GC heap before
{Heap before GC invocations=10 (full 1):
 PSYoungGen      total 137728K, used 3184K [0x00000000eb200000, 0x00000000f4000000, 0x0000000100000000)
  eden space 130048K, 0% used [0x00000000eb200000,0x00000000eb200000,0x00000000f3100000)
  from space 7680K, 41% used [0x00000000f3100000,0x00000000f341c010,0x00000000f3880000)
  to   space 7680K, 0% used [0x00000000f3880000,0x00000000f3880000,0x00000000f4000000)
 ParOldGen       total 44032K, used 9196K [0x00000000c1600000, 0x00000000c4100000, 0x00000000eb200000)
  object space 44032K, 20% used [0x00000000c1600000,0x00000000c1efb248,0x00000000c4100000)
 Metaspace       used 20880K, capacity 21140K, committed 21296K, reserved 1069056K
  class space    used 2546K, capacity 2632K, committed 2688K, reserved 1048576K
Event: 10.305 GC heap after
Heap after GC invocations=10 (full 1):
 PSYoungGen      total 137728K, used 0K [0x00000000eb200000, 0x00000000f4000000, 0x0000000100000000)
  eden space 130048K, 0% used [0x00000000eb200000,0x00000000eb200000,0x00000000f3100000)
  from space 7680K, 0% used [0x00000000f3100000,0x00000000f3100000,0x00000000f3880000)
  to   space 7680K, 0% used [0x00000000f3880000,0x00000000f3880000,0x00000000f4000000)
 ParOldGen       total 27136K, used 6040K [0x00000000c1600000, 0x00000000c3080000, 0x00000000eb200000)
  object space 27136K, 22% used [0x00000000c1600000,0x00000000c1be63c8,0x00000000c3080000)
 Metaspace       used 20880K, capacity 21140K, committed 21296K, reserved 1069056K
  class space    used 2546K, capacity 2632K, committed 2688K, reserved 1048576K
}

